[2022-08-12T19:48:42.209Z] Log level: Info
[2022-08-12T19:48:42.221Z] [info] Validating found git in: git
[2022-08-12T19:48:42.267Z] [info] Using git 2.25.1 from git
[2022-08-12T19:48:42.297Z] > git rev-parse --show-toplevel [7ms]
[2022-08-12T19:48:42.308Z] > git rev-parse --git-dir --git-common-dir [2ms]
[2022-08-12T19:48:42.319Z] [info] Open repository: /home/davi
[2022-08-12T19:48:42.365Z] > git status -z -uall [37ms]
[2022-08-12T19:48:42.372Z] > git symbolic-ref --short HEAD [3ms]
[2022-08-12T19:48:42.378Z] > git for-each-ref --format=%(refname)%00%(upstream:short)%00%(objectname)%00%(upstream:track)%00%(upstream:remotename)%00%(upstream:remoteref) refs/heads/master refs/remotes/master [2ms]
[2022-08-12T19:48:42.391Z] > git remote --verbose [2ms]
[2022-08-12T19:48:42.392Z] > git for-each-ref --sort -committerdate --format %(refname) %(objectname) %(*objectname) [7ms]
[2022-08-12T19:48:43.014Z] > git check-ignore -v -z --stdin [6ms]
[2022-08-12T19:48:43.016Z] > git config --get commit.template [25ms]
[2022-08-12T19:48:43.037Z] > git status -z -uall [14ms]
[2022-08-12T19:48:43.043Z] > git symbolic-ref --short HEAD [2ms]
[2022-08-12T19:48:43.049Z] > git for-each-ref --format=%(refname)%00%(upstream:short)%00%(objectname)%00%(upstream:track)%00%(upstream:remotename)%00%(upstream:remoteref) refs/heads/master refs/remotes/master [2ms]
[2022-08-12T19:48:43.058Z] > git remote --verbose [2ms]
[2022-08-12T19:48:43.058Z] > git for-each-ref --sort -committerdate --format %(refname) %(objectname) %(*objectname) [5ms]
[2022-08-12T19:48:43.093Z] > git config --get commit.template [1ms]
[2022-08-12T19:48:44.290Z] > git show --textconv :teste/home.html [50ms]
[2022-08-12T19:48:44.291Z] > git ls-files --stage -- /home/davi/teste/home.html [47ms]
[2022-08-12T19:48:47.283Z] > git status -z -uall [22ms]
[2022-08-12T19:48:47.287Z] > git symbolic-ref --short HEAD [1ms]
[2022-08-12T19:48:47.292Z] > git for-each-ref --format=%(refname)%00%(upstream:short)%00%(objectname)%00%(upstream:track)%00%(upstream:remotename)%00%(upstream:remoteref) refs/heads/master refs/remotes/master [1ms]
[2022-08-12T19:48:47.302Z] > git remote --verbose [1ms]
[2022-08-12T19:48:47.302Z] > git for-each-ref --sort -committerdate --format %(refname) %(objectname) %(*objectname) [4ms]
[2022-08-12T19:48:47.331Z] > git config --get commit.template [1ms]
[2022-08-12T19:48:52.357Z] > git status -z -uall [17ms]
[2022-08-12T19:48:52.363Z] > git symbolic-ref --short HEAD [1ms]
[2022-08-12T19:48:52.368Z] > git for-each-ref --format=%(refname)%00%(upstream:short)%00%(objectname)%00%(upstream:track)%00%(upstream:remotename)%00%(upstream:remoteref) refs/heads/master refs/remotes/master [0ms]
[2022-08-12T19:48:52.378Z] > git remote --verbose [2ms]
[2022-08-12T19:48:52.378Z] > git for-each-ref --sort -committerdate --format %(refname) %(objectname) %(*objectname) [6ms]
[2022-08-12T19:48:52.403Z] > git config --get commit.template [1ms]
[2022-08-12T19:48:58.958Z] > git status -z -uall [14ms]
[2022-08-12T19:48:58.964Z] > git symbolic-ref --short HEAD [0ms]
[2022-08-12T19:48:58.972Z] > git for-each-ref --format=%(refname)%00%(upstream:short)%00%(objectname)%00%(upstream:track)%00%(upstream:remotename)%00%(upstream:remoteref) refs/heads/master refs/remotes/master [3ms]
[2022-08-12T19:48:58.985Z] > git remote --verbose [2ms]
[2022-08-12T19:48:58.985Z] > git for-each-ref --sort -committerdate --format %(refname) %(objectname) %(*objectname) [6ms]
[2022-08-12T19:48:59.016Z] > git config --get commit.template [0ms]
[2022-08-12T19:49:08.004Z] > git status -z -uall [17ms]
[2022-08-12T19:49:08.010Z] > git symbolic-ref --short HEAD [1ms]
[2022-08-12T19:49:08.015Z] > git for-each-ref --format=%(refname)%00%(upstream:short)%00%(objectname)%00%(upstream:track)%00%(upstream:remotename)%00%(upstream:remoteref) refs/heads/master refs/remotes/master [1ms]
[2022-08-12T19:49:08.026Z] > git remote --verbose [1ms]
[2022-08-12T19:49:08.026Z] > git for-each-ref --sort -committerdate --format %(refname) %(objectname) %(*objectname) [6ms]
[2022-08-12T19:49:08.048Z] > git config --get commit.template [0ms]
[2022-08-12T19:49:13.073Z] > git status -z -uall [16ms]
[2022-08-12T19:49:13.079Z] > git symbolic-ref --short HEAD [1ms]
[2022-08-12T19:49:13.086Z] > git for-each-ref --format=%(refname)%00%(upstream:short)%00%(objectname)%00%(upstream:track)%00%(upstream:remotename)%00%(upstream:remoteref) refs/heads/master refs/remotes/master [2ms]
[2022-08-12T19:49:13.095Z] > git remote --verbose [1ms]
[2022-08-12T19:49:13.095Z] > git for-each-ref --sort -committerdate --format %(refname) %(objectname) %(*objectname) [5ms]
[2022-08-12T19:49:13.119Z] > git config --get commit.template [1ms]
[2022-08-12T19:49:18.144Z] > git status -z -uall [16ms]
[2022-08-12T19:49:18.151Z] > git symbolic-ref --short HEAD [1ms]
[2022-08-12T19:49:18.157Z] > git for-each-ref --format=%(refname)%00%(upstream:short)%00%(objectname)%00%(upstream:track)%00%(upstream:remotename)%00%(upstream:remoteref) refs/heads/master refs/remotes/master [1ms]
[2022-08-12T19:49:18.169Z] > git remote --verbose [1ms]
[2022-08-12T19:49:18.169Z] > git for-each-ref --sort -committerdate --format %(refname) %(objectname) %(*objectname) [7ms]
[2022-08-12T19:49:18.193Z] > git config --get commit.template [1ms]
[2022-08-12T19:49:23.225Z] > git status -z -uall [19ms]
[2022-08-12T19:49:23.233Z] > git symbolic-ref --short HEAD [2ms]
[2022-08-12T19:49:23.239Z] > git for-each-ref --format=%(refname)%00%(upstream:short)%00%(objectname)%00%(upstream:track)%00%(upstream:remotename)%00%(upstream:remoteref) refs/heads/master refs/remotes/master [1ms]
[2022-08-12T19:49:23.250Z] > git remote --verbose [1ms]
[2022-08-12T19:49:23.250Z] > git for-each-ref --sort -committerdate --format %(refname) %(objectname) %(*objectname) [6ms]
[2022-08-12T19:49:23.277Z] > git config --get commit.template [1ms]
[2022-08-12T19:50:17.022Z] > git status -z -uall [15ms]
[2022-08-12T19:50:17.029Z] > git symbolic-ref --short HEAD [1ms]
[2022-08-12T19:50:17.039Z] > git for-each-ref --format=%(refname)%00%(upstream:short)%00%(objectname)%00%(upstream:track)%00%(upstream:remotename)%00%(upstream:remoteref) refs/heads/master refs/remotes/master [1ms]
[2022-08-12T19:50:17.056Z] > git remote --verbose [2ms]
[2022-08-12T19:50:17.056Z] > git for-each-ref --sort -committerdate --format %(refname) %(objectname) %(*objectname) [11ms]
[2022-08-12T19:50:17.100Z] > git config --get commit.template [7ms]
