[2022-08-15T12:33:24.076Z] Log level: Info
[2022-08-15T12:33:24.088Z] [info] Validating found git in: git
[2022-08-15T12:33:24.120Z] [info] Using git 2.25.1 from git
[2022-08-15T12:33:24.136Z] > git rev-parse --show-toplevel [4ms]
[2022-08-15T12:33:24.144Z] > git rev-parse --git-dir --git-common-dir [0ms]
[2022-08-15T12:33:24.151Z] [info] Open repository: /home/davi
[2022-08-15T12:33:24.189Z] > git status -z -uall [27ms]
[2022-08-15T12:33:24.195Z] > git symbolic-ref --short HEAD [1ms]
[2022-08-15T12:33:24.204Z] > git for-each-ref --format=%(refname)%00%(upstream:short)%00%(objectname)%00%(upstream:track)%00%(upstream:remotename)%00%(upstream:remoteref) refs/heads/master refs/remotes/master [3ms]
[2022-08-15T12:33:24.215Z] > git remote --verbose [3ms]
[2022-08-15T12:33:24.215Z] > git for-each-ref --sort -committerdate --format %(refname) %(objectname) %(*objectname) [7ms]
[2022-08-15T12:33:24.821Z] > git check-ignore -v -z --stdin [4ms]
[2022-08-15T12:33:24.824Z] > git config --get commit.template [23ms]
[2022-08-15T12:33:24.843Z] > git status -z -uall [13ms]
[2022-08-15T12:33:24.848Z] > git symbolic-ref --short HEAD [1ms]
[2022-08-15T12:33:24.854Z] > git for-each-ref --format=%(refname)%00%(upstream:short)%00%(objectname)%00%(upstream:track)%00%(upstream:remotename)%00%(upstream:remoteref) refs/heads/master refs/remotes/master [2ms]
[2022-08-15T12:33:24.862Z] > git for-each-ref --sort -committerdate --format %(refname) %(objectname) %(*objectname) [5ms]
[2022-08-15T12:33:24.862Z] > git remote --verbose [1ms]
[2022-08-15T12:33:24.892Z] > git config --get commit.template [0ms]
[2022-08-15T12:33:26.909Z] > git status -z -uall [25ms]
[2022-08-15T12:33:26.914Z] > git symbolic-ref --short HEAD [1ms]
[2022-08-15T12:33:26.919Z] > git for-each-ref --format=%(refname)%00%(upstream:short)%00%(objectname)%00%(upstream:track)%00%(upstream:remotename)%00%(upstream:remoteref) refs/heads/master refs/remotes/master [1ms]
[2022-08-15T12:33:26.926Z] > git for-each-ref --sort -committerdate --format %(refname) %(objectname) %(*objectname) [4ms]
[2022-08-15T12:33:26.927Z] > git remote --verbose [1ms]
[2022-08-15T12:33:26.951Z] > git config --get commit.template [3ms]
[2022-08-15T12:33:40.605Z] > git status -z -uall [14ms]
[2022-08-15T12:33:40.609Z] > git symbolic-ref --short HEAD [1ms]
[2022-08-15T12:33:40.615Z] > git for-each-ref --format=%(refname)%00%(upstream:short)%00%(objectname)%00%(upstream:track)%00%(upstream:remotename)%00%(upstream:remoteref) refs/heads/master refs/remotes/master [1ms]
[2022-08-15T12:33:40.623Z] > git remote --verbose [1ms]
[2022-08-15T12:33:40.623Z] > git for-each-ref --sort -committerdate --format %(refname) %(objectname) %(*objectname) [4ms]
[2022-08-15T12:33:40.651Z] > git config --get commit.template [1ms]
[2022-08-15T12:33:45.676Z] > git status -z -uall [15ms]
[2022-08-15T12:33:45.681Z] > git symbolic-ref --short HEAD [1ms]
[2022-08-15T12:33:45.686Z] > git for-each-ref --format=%(refname)%00%(upstream:short)%00%(objectname)%00%(upstream:track)%00%(upstream:remotename)%00%(upstream:remoteref) refs/heads/master refs/remotes/master [1ms]
[2022-08-15T12:33:45.695Z] > git remote --verbose [1ms]
[2022-08-15T12:33:45.695Z] > git for-each-ref --sort -committerdate --format %(refname) %(objectname) %(*objectname) [5ms]
[2022-08-15T12:33:45.722Z] > git config --get commit.template [0ms]
[2022-08-15T12:33:50.745Z] > git status -z -uall [10ms]
[2022-08-15T12:33:50.750Z] > git symbolic-ref --short HEAD [1ms]
[2022-08-15T12:33:50.756Z] > git for-each-ref --format=%(refname)%00%(upstream:short)%00%(objectname)%00%(upstream:track)%00%(upstream:remotename)%00%(upstream:remoteref) refs/heads/master refs/remotes/master [1ms]
[2022-08-15T12:33:50.764Z] > git remote --verbose [1ms]
[2022-08-15T12:33:50.764Z] > git for-each-ref --sort -committerdate --format %(refname) %(objectname) %(*objectname) [4ms]
[2022-08-15T12:33:50.789Z] > git config --get commit.template [1ms]
[2022-08-15T12:33:55.812Z] > git status -z -uall [10ms]
[2022-08-15T12:33:55.817Z] > git symbolic-ref --short HEAD [0ms]
[2022-08-15T12:33:55.823Z] > git for-each-ref --format=%(refname)%00%(upstream:short)%00%(objectname)%00%(upstream:track)%00%(upstream:remotename)%00%(upstream:remoteref) refs/heads/master refs/remotes/master [1ms]
[2022-08-15T12:33:55.832Z] > git remote --verbose [0ms]
[2022-08-15T12:33:55.832Z] > git for-each-ref --sort -committerdate --format %(refname) %(objectname) %(*objectname) [5ms]
[2022-08-15T12:33:55.856Z] > git config --get commit.template [0ms]
[2022-08-15T12:34:13.606Z] > git status -z -uall [16ms]
[2022-08-15T12:34:13.615Z] > git symbolic-ref --short HEAD [1ms]
[2022-08-15T12:34:13.622Z] > git for-each-ref --format=%(refname)%00%(upstream:short)%00%(objectname)%00%(upstream:track)%00%(upstream:remotename)%00%(upstream:remoteref) refs/heads/master refs/remotes/master [1ms]
[2022-08-15T12:34:13.634Z] > git for-each-ref --sort -committerdate --format %(refname) %(objectname) %(*objectname) [6ms]
[2022-08-15T12:34:13.635Z] > git remote --verbose [2ms]
[2022-08-15T12:34:13.660Z] > git config --get commit.template [0ms]
[2022-08-15T12:34:18.683Z] > git status -z -uall [11ms]
[2022-08-15T12:34:18.689Z] > git symbolic-ref --short HEAD [1ms]
[2022-08-15T12:34:18.694Z] > git for-each-ref --format=%(refname)%00%(upstream:short)%00%(objectname)%00%(upstream:track)%00%(upstream:remotename)%00%(upstream:remoteref) refs/heads/master refs/remotes/master [0ms]
[2022-08-15T12:34:18.705Z] > git remote --verbose [1ms]
[2022-08-15T12:34:18.706Z] > git for-each-ref --sort -committerdate --format %(refname) %(objectname) %(*objectname) [6ms]
[2022-08-15T12:34:18.732Z] > git config --get commit.template [1ms]
[2022-08-15T12:34:22.785Z] > git check-ignore -v -z --stdin [1ms]
[2022-08-15T12:34:23.751Z] > git status -z -uall [10ms]
[2022-08-15T12:34:23.757Z] > git symbolic-ref --short HEAD [1ms]
[2022-08-15T12:34:23.763Z] > git for-each-ref --format=%(refname)%00%(upstream:short)%00%(objectname)%00%(upstream:track)%00%(upstream:remotename)%00%(upstream:remoteref) refs/heads/master refs/remotes/master [1ms]
[2022-08-15T12:34:23.774Z] > git remote --verbose [2ms]
[2022-08-15T12:34:23.774Z] > git for-each-ref --sort -committerdate --format %(refname) %(objectname) %(*objectname) [7ms]
[2022-08-15T12:34:23.836Z] > git config --get commit.template [1ms]
[2022-08-15T12:34:33.662Z] > git status -z -uall [21ms]
[2022-08-15T12:34:33.669Z] > git symbolic-ref --short HEAD [1ms]
[2022-08-15T12:34:33.674Z] > git for-each-ref --format=%(refname)%00%(upstream:short)%00%(objectname)%00%(upstream:track)%00%(upstream:remotename)%00%(upstream:remoteref) refs/heads/master refs/remotes/master [1ms]
[2022-08-15T12:34:33.686Z] > git remote --verbose [1ms]
[2022-08-15T12:34:33.686Z] > git for-each-ref --sort -committerdate --format %(refname) %(objectname) %(*objectname) [6ms]
[2022-08-15T12:34:33.764Z] > git config --get commit.template [19ms]
[2022-08-15T12:34:34.750Z] > git show --textconv :apollo12.txt [24ms]
[2022-08-15T12:34:34.750Z] > git ls-files --stage -- /home/davi/apollo12.txt [11ms]
[2022-08-15T12:34:38.781Z] > git check-ignore -v -z --stdin [1ms]
[2022-08-15T12:34:38.788Z] > git status -z -uall [17ms]
[2022-08-15T12:34:38.795Z] > git symbolic-ref --short HEAD [1ms]
[2022-08-15T12:34:38.802Z] > git for-each-ref --format=%(refname)%00%(upstream:short)%00%(objectname)%00%(upstream:track)%00%(upstream:remotename)%00%(upstream:remoteref) refs/heads/master refs/remotes/master [1ms]
[2022-08-15T12:34:38.810Z] > git remote --verbose [1ms]
[2022-08-15T12:34:38.811Z] > git for-each-ref --sort -committerdate --format %(refname) %(objectname) %(*objectname) [5ms]
[2022-08-15T12:34:38.835Z] > git config --get commit.template [1ms]
[2022-08-15T12:34:43.864Z] > git status -z -uall [19ms]
[2022-08-15T12:34:43.869Z] > git symbolic-ref --short HEAD [1ms]
[2022-08-15T12:34:43.874Z] > git for-each-ref --format=%(refname)%00%(upstream:short)%00%(objectname)%00%(upstream:track)%00%(upstream:remotename)%00%(upstream:remoteref) refs/heads/master refs/remotes/master [1ms]
[2022-08-15T12:34:43.882Z] > git remote --verbose [1ms]
[2022-08-15T12:34:43.882Z] > git for-each-ref --sort -committerdate --format %(refname) %(objectname) %(*objectname) [4ms]
[2022-08-15T12:34:43.903Z] > git config --get commit.template [0ms]
[2022-08-15T12:34:46.834Z] > git check-ignore -v -z --stdin [1ms]
[2022-08-15T12:34:48.921Z] > git status -z -uall [11ms]
[2022-08-15T12:34:48.925Z] > git symbolic-ref --short HEAD [1ms]
[2022-08-15T12:34:48.929Z] > git for-each-ref --format=%(refname)%00%(upstream:short)%00%(objectname)%00%(upstream:track)%00%(upstream:remotename)%00%(upstream:remoteref) refs/heads/master refs/remotes/master [0ms]
[2022-08-15T12:34:48.937Z] > git remote --verbose [1ms]
[2022-08-15T12:34:48.937Z] > git for-each-ref --sort -committerdate --format %(refname) %(objectname) %(*objectname) [4ms]
[2022-08-15T12:34:48.958Z] > git config --get commit.template [1ms]
[2022-08-15T12:34:54.828Z] > git status -z -uall [13ms]
[2022-08-15T12:34:54.833Z] > git symbolic-ref --short HEAD [1ms]
[2022-08-15T12:34:54.841Z] > git for-each-ref --format=%(refname)%00%(upstream:short)%00%(objectname)%00%(upstream:track)%00%(upstream:remotename)%00%(upstream:remoteref) refs/heads/master refs/remotes/master [1ms]
[2022-08-15T12:34:54.853Z] > git for-each-ref --sort -committerdate --format %(refname) %(objectname) %(*objectname) [7ms]
[2022-08-15T12:34:54.853Z] > git remote --verbose [1ms]
[2022-08-15T12:34:54.892Z] > git config --get commit.template [1ms]
[2022-08-15T12:34:59.910Z] > git status -z -uall [11ms]
[2022-08-15T12:34:59.916Z] > git symbolic-ref --short HEAD [2ms]
[2022-08-15T12:34:59.920Z] > git for-each-ref --format=%(refname)%00%(upstream:short)%00%(objectname)%00%(upstream:track)%00%(upstream:remotename)%00%(upstream:remoteref) refs/heads/master refs/remotes/master [1ms]
[2022-08-15T12:34:59.927Z] > git remote --verbose [1ms]
[2022-08-15T12:34:59.927Z] > git for-each-ref --sort -committerdate --format %(refname) %(objectname) %(*objectname) [4ms]
[2022-08-15T12:34:59.951Z] > git config --get commit.template [1ms]
[2022-08-15T12:35:06.842Z] > git status -z -uall [11ms]
[2022-08-15T12:35:06.846Z] > git symbolic-ref --short HEAD [1ms]
[2022-08-15T12:35:06.850Z] > git for-each-ref --format=%(refname)%00%(upstream:short)%00%(objectname)%00%(upstream:track)%00%(upstream:remotename)%00%(upstream:remoteref) refs/heads/master refs/remotes/master [0ms]
[2022-08-15T12:35:06.857Z] > git remote --verbose [1ms]
[2022-08-15T12:35:06.858Z] > git for-each-ref --sort -committerdate --format %(refname) %(objectname) %(*objectname) [4ms]
[2022-08-15T12:35:06.886Z] > git config --get commit.template [0ms]
[2022-08-15T12:35:11.904Z] > git status -z -uall [10ms]
[2022-08-15T12:35:11.908Z] > git symbolic-ref --short HEAD [1ms]
[2022-08-15T12:35:11.913Z] > git for-each-ref --format=%(refname)%00%(upstream:short)%00%(objectname)%00%(upstream:track)%00%(upstream:remotename)%00%(upstream:remoteref) refs/heads/master refs/remotes/master [1ms]
[2022-08-15T12:35:11.919Z] > git for-each-ref --sort -committerdate --format %(refname) %(objectname) %(*objectname) [3ms]
[2022-08-15T12:35:11.920Z] > git remote --verbose [1ms]
[2022-08-15T12:35:11.942Z] > git config --get commit.template [0ms]
[2022-08-15T12:35:16.958Z] > git status -z -uall [10ms]
[2022-08-15T12:35:16.963Z] > git symbolic-ref --short HEAD [1ms]
[2022-08-15T12:35:16.967Z] > git for-each-ref --format=%(refname)%00%(upstream:short)%00%(objectname)%00%(upstream:track)%00%(upstream:remotename)%00%(upstream:remoteref) refs/heads/master refs/remotes/master [1ms]
[2022-08-15T12:35:16.974Z] > git for-each-ref --sort -committerdate --format %(refname) %(objectname) %(*objectname) [4ms]
[2022-08-15T12:35:16.974Z] > git remote --verbose [1ms]
[2022-08-15T12:35:17.002Z] > git config --get commit.template [4ms]
[2022-08-15T12:35:22.019Z] > git status -z -uall [12ms]
[2022-08-15T12:35:22.024Z] > git symbolic-ref --short HEAD [1ms]
[2022-08-15T12:35:22.032Z] > git for-each-ref --format=%(refname)%00%(upstream:short)%00%(objectname)%00%(upstream:track)%00%(upstream:remotename)%00%(upstream:remoteref) refs/heads/master refs/remotes/master [2ms]
[2022-08-15T12:35:22.040Z] > git remote --verbose [1ms]
[2022-08-15T12:35:22.040Z] > git for-each-ref --sort -committerdate --format %(refname) %(objectname) %(*objectname) [4ms]
[2022-08-15T12:35:22.068Z] > git config --get commit.template [1ms]
[2022-08-15T12:35:27.083Z] > git status -z -uall [10ms]
[2022-08-15T12:35:27.088Z] > git symbolic-ref --short HEAD [1ms]
[2022-08-15T12:35:27.093Z] > git for-each-ref --format=%(refname)%00%(upstream:short)%00%(objectname)%00%(upstream:track)%00%(upstream:remotename)%00%(upstream:remoteref) refs/heads/master refs/remotes/master [1ms]
[2022-08-15T12:35:27.101Z] > git remote --verbose [1ms]
[2022-08-15T12:35:27.101Z] > git for-each-ref --sort -committerdate --format %(refname) %(objectname) %(*objectname) [4ms]
[2022-08-15T12:35:27.136Z] > git config --get commit.template [2ms]
[2022-08-15T12:35:32.156Z] > git status -z -uall [12ms]
[2022-08-15T12:35:32.161Z] > git symbolic-ref --short HEAD [1ms]
[2022-08-15T12:35:32.168Z] > git for-each-ref --format=%(refname)%00%(upstream:short)%00%(objectname)%00%(upstream:track)%00%(upstream:remotename)%00%(upstream:remoteref) refs/heads/master refs/remotes/master [1ms]
[2022-08-15T12:35:32.175Z] > git remote --verbose [1ms]
[2022-08-15T12:35:32.175Z] > git for-each-ref --sort -committerdate --format %(refname) %(objectname) %(*objectname) [4ms]
[2022-08-15T12:35:32.197Z] > git config --get commit.template [1ms]
[2022-08-15T12:35:37.232Z] > git status -z -uall [22ms]
[2022-08-15T12:35:37.238Z] > git symbolic-ref --short HEAD [1ms]
[2022-08-15T12:35:37.243Z] > git for-each-ref --format=%(refname)%00%(upstream:short)%00%(objectname)%00%(upstream:track)%00%(upstream:remotename)%00%(upstream:remoteref) refs/heads/master refs/remotes/master [1ms]
[2022-08-15T12:35:37.250Z] > git remote --verbose [1ms]
[2022-08-15T12:35:37.250Z] > git for-each-ref --sort -committerdate --format %(refname) %(objectname) %(*objectname) [4ms]
[2022-08-15T12:35:37.273Z] > git config --get commit.template [0ms]
[2022-08-15T12:35:42.291Z] > git status -z -uall [11ms]
[2022-08-15T12:35:42.296Z] > git symbolic-ref --short HEAD [1ms]
[2022-08-15T12:35:42.301Z] > git for-each-ref --format=%(refname)%00%(upstream:short)%00%(objectname)%00%(upstream:track)%00%(upstream:remotename)%00%(upstream:remoteref) refs/heads/master refs/remotes/master [1ms]
[2022-08-15T12:35:42.309Z] > git remote --verbose [2ms]
[2022-08-15T12:35:42.309Z] > git for-each-ref --sort -committerdate --format %(refname) %(objectname) %(*objectname) [5ms]
[2022-08-15T12:35:42.331Z] > git config --get commit.template [1ms]
[2022-08-15T12:35:49.259Z] > git status -z -uall [13ms]
[2022-08-15T12:35:49.263Z] > git symbolic-ref --short HEAD [1ms]
[2022-08-15T12:35:49.270Z] > git for-each-ref --format=%(refname)%00%(upstream:short)%00%(objectname)%00%(upstream:track)%00%(upstream:remotename)%00%(upstream:remoteref) refs/heads/master refs/remotes/master [0ms]
[2022-08-15T12:35:49.278Z] > git remote --verbose [1ms]
[2022-08-15T12:35:49.278Z] > git for-each-ref --sort -committerdate --format %(refname) %(objectname) %(*objectname) [4ms]
[2022-08-15T12:35:49.304Z] > git config --get commit.template [1ms]
[2022-08-15T12:35:54.331Z] > git status -z -uall [19ms]
[2022-08-15T12:35:54.337Z] > git symbolic-ref --short HEAD [1ms]
[2022-08-15T12:35:54.342Z] > git for-each-ref --format=%(refname)%00%(upstream:short)%00%(objectname)%00%(upstream:track)%00%(upstream:remotename)%00%(upstream:remoteref) refs/heads/master refs/remotes/master [1ms]
[2022-08-15T12:35:54.349Z] > git for-each-ref --sort -committerdate --format %(refname) %(objectname) %(*objectname) [4ms]
[2022-08-15T12:35:54.350Z] > git remote --verbose [2ms]
[2022-08-15T12:35:54.372Z] > git config --get commit.template [1ms]
[2022-08-15T12:36:28.134Z] > git status -z -uall [18ms]
[2022-08-15T12:36:28.141Z] > git symbolic-ref --short HEAD [2ms]
[2022-08-15T12:36:28.147Z] > git for-each-ref --format=%(refname)%00%(upstream:short)%00%(objectname)%00%(upstream:track)%00%(upstream:remotename)%00%(upstream:remoteref) refs/heads/master refs/remotes/master [1ms]
[2022-08-15T12:36:28.156Z] > git remote --verbose [2ms]
[2022-08-15T12:36:28.156Z] > git for-each-ref --sort -committerdate --format %(refname) %(objectname) %(*objectname) [6ms]
[2022-08-15T12:36:28.195Z] > git config --get commit.template [2ms]
[2022-08-15T12:36:33.213Z] > git status -z -uall [10ms]
[2022-08-15T12:36:33.217Z] > git symbolic-ref --short HEAD [1ms]
[2022-08-15T12:36:33.221Z] > git for-each-ref --format=%(refname)%00%(upstream:short)%00%(objectname)%00%(upstream:track)%00%(upstream:remotename)%00%(upstream:remoteref) refs/heads/master refs/remotes/master [1ms]
[2022-08-15T12:36:33.227Z] > git remote --verbose [1ms]
[2022-08-15T12:36:33.227Z] > git for-each-ref --sort -committerdate --format %(refname) %(objectname) %(*objectname) [3ms]
[2022-08-15T12:36:33.250Z] > git config --get commit.template [1ms]
[2022-08-15T12:36:38.267Z] > git status -z -uall [10ms]
[2022-08-15T12:36:38.272Z] > git symbolic-ref --short HEAD [1ms]
[2022-08-15T12:36:38.276Z] > git for-each-ref --format=%(refname)%00%(upstream:short)%00%(objectname)%00%(upstream:track)%00%(upstream:remotename)%00%(upstream:remoteref) refs/heads/master refs/remotes/master [1ms]
[2022-08-15T12:36:38.283Z] > git for-each-ref --sort -committerdate --format %(refname) %(objectname) %(*objectname) [4ms]
[2022-08-15T12:36:38.283Z] > git remote --verbose [1ms]
[2022-08-15T12:36:38.306Z] > git config --get commit.template [0ms]
[2022-08-15T12:36:38.312Z] > git check-ignore -v -z --stdin [2ms]
[2022-08-15T12:36:40.114Z] > git show --textconv :apollo11.txt [4ms]
[2022-08-15T12:36:40.116Z] > git ls-files --stage -- /home/davi/apollo11.txt [2ms]
[2022-08-15T12:36:41.087Z] > git show --textconv :apollo12.txt [4ms]
[2022-08-15T12:36:41.088Z] > git ls-files --stage -- /home/davi/apollo12.txt [1ms]
[2022-08-15T12:36:43.251Z] > git show --textconv :apollo11.txt [7ms]
[2022-08-15T12:36:43.253Z] > git ls-files --stage -- /home/davi/apollo11.txt [3ms]
[2022-08-15T12:36:43.330Z] > git status -z -uall [16ms]
[2022-08-15T12:36:43.335Z] > git symbolic-ref --short HEAD [0ms]
[2022-08-15T12:36:43.340Z] > git for-each-ref --format=%(refname)%00%(upstream:short)%00%(objectname)%00%(upstream:track)%00%(upstream:remotename)%00%(upstream:remoteref) refs/heads/master refs/remotes/master [0ms]
[2022-08-15T12:36:43.348Z] > git for-each-ref --sort -committerdate --format %(refname) %(objectname) %(*objectname) [4ms]
[2022-08-15T12:36:43.348Z] > git remote --verbose [1ms]
[2022-08-15T12:36:43.370Z] > git config --get commit.template [0ms]
[2022-08-15T12:36:48.388Z] > git status -z -uall [11ms]
[2022-08-15T12:36:48.393Z] > git symbolic-ref --short HEAD [1ms]
[2022-08-15T12:36:48.398Z] > git for-each-ref --format=%(refname)%00%(upstream:short)%00%(objectname)%00%(upstream:track)%00%(upstream:remotename)%00%(upstream:remoteref) refs/heads/master refs/remotes/master [1ms]
[2022-08-15T12:36:48.405Z] > git remote --verbose [1ms]
[2022-08-15T12:36:48.406Z] > git for-each-ref --sort -committerdate --format %(refname) %(objectname) %(*objectname) [5ms]
[2022-08-15T12:36:48.427Z] > git config --get commit.template [1ms]
[2022-08-15T12:36:54.401Z] > git status -z -uall [15ms]
[2022-08-15T12:36:54.407Z] > git symbolic-ref --short HEAD [1ms]
[2022-08-15T12:36:54.414Z] > git for-each-ref --format=%(refname)%00%(upstream:short)%00%(objectname)%00%(upstream:track)%00%(upstream:remotename)%00%(upstream:remoteref) refs/heads/master refs/remotes/master [1ms]
[2022-08-15T12:36:54.424Z] > git for-each-ref --sort -committerdate --format %(refname) %(objectname) %(*objectname) [4ms]
[2022-08-15T12:36:54.424Z] > git remote --verbose [1ms]
[2022-08-15T12:36:54.449Z] > git config --get commit.template [1ms]
[2022-08-15T12:37:00.417Z] > git status -z -uall [14ms]
[2022-08-15T12:37:00.421Z] > git symbolic-ref --short HEAD [1ms]
[2022-08-15T12:37:00.426Z] > git for-each-ref --format=%(refname)%00%(upstream:short)%00%(objectname)%00%(upstream:track)%00%(upstream:remotename)%00%(upstream:remoteref) refs/heads/master refs/remotes/master [1ms]
[2022-08-15T12:37:00.435Z] > git remote --verbose [1ms]
[2022-08-15T12:37:00.435Z] > git for-each-ref --sort -committerdate --format %(refname) %(objectname) %(*objectname) [4ms]
[2022-08-15T12:37:00.459Z] > git config --get commit.template [1ms]
[2022-08-15T12:37:12.357Z] > git status -z -uall [21ms]
[2022-08-15T12:37:12.365Z] > git symbolic-ref --short HEAD [1ms]
[2022-08-15T12:37:12.375Z] > git for-each-ref --format=%(refname)%00%(upstream:short)%00%(objectname)%00%(upstream:track)%00%(upstream:remotename)%00%(upstream:remoteref) refs/heads/master refs/remotes/master [2ms]
[2022-08-15T12:37:12.387Z] > git for-each-ref --sort -committerdate --format %(refname) %(objectname) %(*objectname) [6ms]
[2022-08-15T12:37:12.388Z] > git remote --verbose [2ms]
[2022-08-15T12:37:12.429Z] > git config --get commit.template [4ms]
[2022-08-15T12:37:17.462Z] > git status -z -uall [15ms]
[2022-08-15T12:37:17.477Z] > git symbolic-ref --short HEAD [0ms]
[2022-08-15T12:37:17.486Z] > git for-each-ref --format=%(refname)%00%(upstream:short)%00%(objectname)%00%(upstream:track)%00%(upstream:remotename)%00%(upstream:remoteref) refs/heads/master refs/remotes/master [1ms]
[2022-08-15T12:37:17.507Z] > git remote --verbose [1ms]
[2022-08-15T12:37:17.507Z] > git for-each-ref --sort -committerdate --format %(refname) %(objectname) %(*objectname) [10ms]
[2022-08-15T12:37:17.540Z] > git config --get commit.template [4ms]
