[2022-08-12 16:48:41.554] [exthost] [info] Extension host with pid 298 started
[2022-08-12 16:48:41.573] [exthost] [info] Lock '/home/davi/.vscode-server/data/User/workspaceStorage/4b7749e5863bc35d93fecbcbf2f769c4/vscode.lock': Lock acquired.
[2022-08-12 16:48:41.598] [exthost] [info] ExtensionService#_doActivateExtension vscode.debug-auto-launch, startup: true, activationEvent: '*'
[2022-08-12 16:48:41.602] [exthost] [info] ExtensionService#_doActivateExtension vscode.git-base, startup: true, activationEvent: '*'
[2022-08-12 16:48:41.606] [exthost] [info] ExtensionService#_doActivateExtension vscode.ipynb, startup: true, activationEvent: '*'
[2022-08-12 16:48:41.638] [exthost] [info] ExtensionService#_doActivateExtension vscode.github, startup: true, activationEvent: '*'
[2022-08-12 16:48:41.658] [exthost] [info] ExtensionService#_doActivateExtension vscode.emmet, startup: false, activationEvent: 'onStartupFinished'
[2022-08-12 16:48:41.681] [exthost] [info] ExtensionService#_doActivateExtension vscode.merge-conflict, startup: false, activationEvent: 'onStartupFinished'
[2022-08-12 16:48:41.686] [exthost] [info] Eager extensions activated
[2022-08-12 16:48:42.053] [exthost] [info] ExtensionService#_doActivateExtension vscode.git, startup: false, activationEvent: 'api', root cause: vscode.github
[2022-08-12 16:48:42.449] [exthost] [warning] [Decorations] CAPPING events from decorations provider vscode.git 1839
[2022-08-12 16:48:43.080] [exthost] [warning] [Decorations] CAPPING events from decorations provider vscode.git 1840
[2022-08-12 16:48:44.123] [exthost] [info] ExtensionService#_doActivateExtension vscode.html-language-features, startup: false, activationEvent: 'onLanguage:html'
[2022-08-12 16:48:47.319] [exthost] [warning] [Decorations] CAPPING events from decorations provider vscode.git 1841
[2022-08-12 16:48:52.392] [exthost] [warning] [Decorations] CAPPING events from decorations provider vscode.git 1841
[2022-08-12 16:48:59.005] [exthost] [warning] [Decorations] CAPPING events from decorations provider vscode.git 1841
[2022-08-12 16:49:08.040] [exthost] [warning] [Decorations] CAPPING events from decorations provider vscode.git 1843
[2022-08-12 16:49:13.110] [exthost] [warning] [Decorations] CAPPING events from decorations provider vscode.git 1843
[2022-08-12 16:49:18.181] [exthost] [warning] [Decorations] CAPPING events from decorations provider vscode.git 1843
[2022-08-12 16:49:23.266] [exthost] [warning] [Decorations] CAPPING events from decorations provider vscode.git 1843
[2022-08-12 16:50:17.072] [exthost] [warning] [Decorations] CAPPING events from decorations provider vscode.git 1843
[2022-08-12 16:50:17.106] [exthost] [info] Extension host terminating: received terminate message from renderer
[2022-08-12 16:50:17.107] [exthost] [info] Lock '/home/davi/.vscode-server/data/User/workspaceStorage/4b7749e5863bc35d93fecbcbf2f769c4/vscode.lock': Marking the lockfile as scheduled to be released in 6000 ms.
[2022-08-12 16:50:17.144] [exthost] [info] Extension host with pid 298 exiting with code 0
